<?xml version="1.0" encoding="UTF-8"?>
<!-- Generated by org.testng.reporters.JUnitReportReporter -->
<testsuite hostname="User-PC" name="august.Locators" tests="1" failures="0" timestamp="18 Sep 2015 12:08:46 GMT" time="0.015" errors="0">
  <testcase name="display" time="0.015" classname="august.Locators"/>
</testsuite> <!-- august.Locators -->
